TN:
SF:src/middleware/errorHandler.js
FN:5,(anonymous_0)
FN:11,(anonymous_1)
FNF:2
FNH:1
FNDA:0,(anonymous_0)
FNDA:8,(anonymous_1)
DA:2,1
DA:5,1
DA:6,0
DA:7,0
DA:8,0
DA:11,1
DA:12,8
DA:13,0
DA:16,8
DA:18,8
DA:23,1
LF:11
LH:7
BRDA:12,0,0,0
BRDA:12,0,1,8
BRDA:13,1,0,0
BRDA:13,1,1,0
BRDA:16,2,0,8
BRDA:16,2,1,7
BRDA:19,3,0,8
BRDA:19,3,1,0
BRF:8
BRH:4
end_of_record
TN:
SF:src/middleware/logger.js
FN:2,(anonymous_0)
FNF:1
FNH:0
FNDA:0,(anonymous_0)
DA:2,0
DA:3,0
DA:4,0
LF:3
LH:0
BRF:0
BRH:0
end_of_record
TN:
SF:src/routes/items.js
FN:7,readData
FN:12,writeData
FN:17,(anonymous_2)
FN:25,(anonymous_3)
FN:42,(anonymous_4)
FN:46,(anonymous_5)
FN:60,(anonymous_6)
FNF:7
FNH:7
FNDA:19,readData
FNDA:5,writeData
FNDA:7,(anonymous_2)
FNDA:15,(anonymous_3)
FNDA:5,(anonymous_4)
FNDA:8,(anonymous_5)
FNDA:7,(anonymous_6)
DA:1,1
DA:2,1
DA:3,1
DA:4,1
DA:5,1
DA:8,19
DA:9,16
DA:13,5
DA:17,1
DA:18,7
DA:19,7
DA:20,5
DA:22,5
DA:24,5
DA:25,3
DA:26,15
DA:30,5
DA:31,2
DA:34,5
DA:36,2
DA:37,2
DA:42,1
DA:43,5
DA:44,5
DA:45,5
DA:46,8
DA:47,3
DA:48,1
DA:49,1
DA:50,1
DA:52,2
DA:54,3
DA:55,3
DA:60,1
DA:61,7
DA:62,7
DA:63,7
DA:64,5
DA:65,5
DA:66,5
DA:67,4
DA:69,3
DA:70,3
DA:74,1
LF:44
LH:44
BRDA:24,0,0,3
BRDA:24,0,1,2
BRDA:30,1,0,2
BRDA:30,1,1,3
BRDA:47,2,0,1
BRDA:47,2,1,2
BRF:6
BRH:6
end_of_record
TN:
SF:src/routes/stats.js
FN:13,rebuildStats
FN:19,(anonymous_1)
FN:26,(anonymous_2)
FNF:3
FNH:0
FNDA:0,rebuildStats
FNDA:0,(anonymous_1)
FNDA:0,(anonymous_2)
DA:1,0
DA:2,0
DA:3,0
DA:4,0
DA:5,0
DA:7,0
DA:8,0
DA:10,0
DA:11,0
DA:14,0
DA:15,0
DA:16,0
DA:18,0
DA:19,0
DA:21,0
DA:22,0
DA:23,0
DA:26,0
DA:27,0
DA:28,0
DA:29,0
DA:30,0
DA:32,0
DA:34,0
DA:35,0
DA:39,0
LF:26
LH:0
BRDA:19,0,0,0
BRDA:19,0,1,0
BRDA:30,1,0,0
BRDA:30,1,1,0
BRF:4
BRH:0
end_of_record
TN:
SF:src/utils/stats.js
FN:2,mean
FN:3,(anonymous_1)
FNF:2
FNH:0
FNDA:0,mean
FNDA:0,(anonymous_1)
DA:3,0
DA:6,0
LF:2
LH:0
BRF:0
BRH:0
end_of_record
